e:\大三\计算机网络\实验\实验1\examples\verysimpleserver\debug\vc142.pdb
e:\大三\计算机网络\实验\实验1\examples\verysimpleserver\debug\vc142.idb
e:\大三\计算机网络\实验\实验1\examples\verysimpleserver\debug\server.obj
f:\projects\network\verysimpleserver\debug\vc142.pdb
f:\projects\network\verysimpleserver\debug\vc142.idb
f:\projects\network\verysimpleserver\debug\server.obj
e:\大三\计算机网络\实验\实验1\examples\verysimpleserver\debug\verysimpleserver.ilk
e:\大三\计算机网络\实验\实验1\examples\verysimpleserver\debug\verysimpleserver.exe
e:\大三\计算机网络\实验\实验1\examples\verysimpleserver\debug\verysimpleserver.pdb
f:\projects\network\verysimpleserver\debug\verysimpleserver.exe
f:\projects\network\verysimpleserver\debug\verysimpleserver.ilk
f:\projects\network\verysimpleserver\debug\verysimpleserver.pdb
f:\projects\network\verysimpleserver\debug\vc141.idb
f:\projects\network\verysimpleserver\debug\vc141.pdb
f:\projects\network\verysimpleserver\debug\verysimpleserver.tlog\cl.command.1.tlog
f:\projects\network\verysimpleserver\debug\verysimpleserver.tlog\cl.read.1.tlog
f:\projects\network\verysimpleserver\debug\verysimpleserver.tlog\cl.write.1.tlog
f:\projects\network\verysimpleserver\debug\verysimpleserver.tlog\link.command.1.tlog
f:\projects\network\verysimpleserver\debug\verysimpleserver.tlog\link.read.1.tlog
f:\projects\network\verysimpleserver\debug\verysimpleserver.tlog\link.write.1.tlog
